<?xml version="1.0" encoding="UTF-8"?>
<!-- Generated by org.testng.reporters.JUnitXMLReporter -->
<testsuite ignored="0" hostname="DELL" failures="0" tests="4" name="Tests" time="42.031" errors="0" timestamp="2025-06-08T13:33:08 IST">
  <testcase classname="tests.LoginTest" name="LoginMethod" time="9.432"/>
  <testcase classname="tests.LoginTest" name="LoginMethod" time="8.622"/>
  <testcase classname="tests.LoginTest" name="LoginMethod" time="9.494"/>
  <testcase classname="tests.LoginTest" name="LoginMethod" time="6.314"/>
</testsuite> <!-- Tests -->
