<?xml version="1.0" encoding="UTF-8"?>
<!-- Generated by org.testng.reporters.JUnitXMLReporter -->
<testsuite ignored="0" hostname="DELL" failures="0" tests="4" name="Default test" time="49.481" errors="0" timestamp="2025-06-08T11:20:47 IST">
  <testcase classname="tests.LoginTest" name="LoginMethod" time="10.437"/>
  <testcase classname="tests.LoginTest" name="LoginMethod" time="9.672"/>
  <testcase classname="tests.LoginTest" name="LoginMethod" time="10.652"/>
  <testcase classname="tests.LoginTest" name="LoginMethod" time="12.866"/>
</testsuite> <!-- Default test -->
