<?xml version="1.0" encoding="UTF-8"?>
<!-- Generated by org.testng.reporters.JUnitXMLReporter -->
<testsuite ignored="0" hostname="DELL" failures="3" tests="4" name="LoginTests" time="42.307" errors="0" timestamp="2025-06-08T14:37:41 IST">
  <testcase classname="tests.LoginTest" name="LoginMethod" time="7.042">
    <failure type="java.lang.AssertionError" message="Login failed – invalid credentials or error">
      <![CDATA[java.lang.AssertionError: Login failed – invalid credentials or error
at tests.LoginTest.LoginMethod(LoginTest.java:58)
at java.base/java.util.ArrayList.forEach(ArrayList.java:1511)
... Removed 28 stack frames]]>
    </failure>
  </testcase> <!-- LoginMethod -->
  <testcase classname="tests.LoginTest" name="LoginMethod" time="9.217">
    <failure type="java.lang.AssertionError" message="Login failed – invalid credentials or error">
      <![CDATA[java.lang.AssertionError: Login failed – invalid credentials or error
at tests.LoginTest.LoginMethod(LoginTest.java:58)
at java.base/java.util.ArrayList.forEach(ArrayList.java:1511)
... Removed 28 stack frames]]>
    </failure>
  </testcase> <!-- LoginMethod -->
  <testcase classname="tests.LoginTest" name="LoginMethod" time="9.321">
    <failure type="java.lang.AssertionError" message="Login failed – invalid credentials or error">
      <![CDATA[java.lang.AssertionError: Login failed – invalid credentials or error
at tests.LoginTest.LoginMethod(LoginTest.java:58)
at java.base/java.util.ArrayList.forEach(ArrayList.java:1511)
... Removed 28 stack frames]]>
    </failure>
  </testcase> <!-- LoginMethod -->
  <testcase classname="tests.LoginTest" name="LoginMethod" time="9.303"/>
</testsuite> <!-- LoginTests -->
